<?xml version="1.0" encoding="UTF-8" ?>
<testsuite tests="5" failures="0" name="tcpsocket.testesDTO.TestResponceDTO" time="0.027" errors="0" skipped="0">
  <properties>
[...]
</properties>
  <testcase classname="tcpsocket.testesDTO.TestResponceDTO" name="testeContrutorComFrameByteInvalido" time="0.008"/>
  <testcase classname="tcpsocket.testesDTO.TestResponceDTO" name="testeContrutorRespostaHoraCorrente" time="0.018"/>
  <testcase classname="tcpsocket.testesDTO.TestResponceDTO" name="testeContrutorComMensagemInconssitente" time="0"/>
  <testcase classname="tcpsocket.testesDTO.TestResponceDTO" name="testeContrutorRespostaSalvarUsuario" time="0"/>
  <testcase classname="tcpsocket.testesDTO.TestResponceDTO" name="testeContrutorRespostaSalvarMensagem" time="0.001"/>
</testsuite>